
           ####    G N O M   ---   Version 4.5a revised 09/02/02     ####

                                                  Fri Jul 10 14:34:33 2015
           ===    Run No   1   ===
 Run title:  # [1]


  Number of points omitted at the end:         807
   *******   Working Directory :
   *******    Input file(s) : D5TVE_SC_007_sub.dat
           Condition P(rmin) = 0 is used. 
           Condition P(rmax) = 0 is used. 

          Experimental conditions for the first run
          -----------------------------------------

          Highest ALPHA is found to be   0.2303E+02

  The measure of inconsistency AN1 equals to    0.9820E+00
     Alpha    Discrp  Oscill  Stabil  Sysdev  Positv  Valcen    Total   
  0.2303E+05139.9973  1.9273  0.7262  0.0000  1.0000  0.7179  0.00001
  0.4607E+04 99.5455  2.4857  0.3167  0.0085  1.0000  0.6248  0.00001
  0.9214E+03 52.4585  4.1616  0.2869  0.0085  1.0000  0.3310  0.00001
  0.1843E+03 20.4997  5.6646  0.1558  0.0340  1.0000  0.1542  0.00001
  0.3685E+02  7.3886  6.3578  0.0833  0.1191  1.0000  0.1546  0.00001
  0.7371E+01  2.4002  6.7266  0.0345  0.3064  1.0000  0.1560  0.31433
  0.1474E+01  1.1477  6.8792  0.0169  0.6298  1.0000  0.1576  0.32427
  0.2948E+00  0.9931  6.9373  0.0137  0.6638  1.0000  0.1592  0.10000
  0.5897E-01  0.9675  6.9982  0.0205  0.6809  1.0000  0.1603  0.10000
  0.1179E-01  0.9539  7.1857  0.0387  0.7064  1.0000  0.1621  0.10000
  0.2359E-02  0.9405  8.0893  0.0855  0.7234  0.9992  0.1663  0.10000
  0.4717E-03  0.9252 11.7054  0.2692  0.6809  0.9886  0.1617  0.10000
  0.9435E-04  0.8984 20.2582  0.4503  0.6894  0.9089  0.1570  0.10000
  0.1887E-04  0.8773 24.9983  0.2976  0.7234  0.8271  0.1771  0.10000
  0.3774E-05  0.8679 29.1987  0.6177  0.7234  0.7752  0.1711  0.10000
  0.7548E-06  0.8586 28.9352  0.3963  0.7234  0.7455  0.1992  0.10000
  0.1510E-06  0.8550 31.5766  0.3272  0.7064  0.7427  0.1956  0.10000
  0.3019E-07  0.8521 39.8116  0.8265  0.7064  0.7331  0.1353  0.10000
  0.6038E-08  0.8428 39.0658  0.9438  0.6723  0.7193  0.2196  0.10000
  0.1208E-08  0.8109 37.8922  0.8384  0.6723  0.7178  0.2528  0.10000
  0.2415E-09  0.7282 39.1647  0.6952  0.7064  0.7033  0.2899  0.10000
  0.4831E-10  0.5763 42.7189  0.5607  0.7574  0.6884  0.3326  0.10000
  0.9661E-11  0.3586 47.8042  0.4430  0.7404  0.6984  0.3313  0.10000
  0.1932E-11  0.1467 51.0173  0.2307  0.7234  0.7096  0.2869  0.10000
  0.3864E-12  0.0398 52.3405  0.0759  0.7234  0.7105  0.2827  0.10000
  0.7729E-13  0.0087 52.7085  0.0179  0.7234  0.7094  0.2850  0.10000
  0.1546E-13  0.0018 52.7894  0.0037  0.7234  0.7090  0.2856  0.10000
  0.3092E-14  0.0004 52.8059  0.0008  0.7234  0.7090  0.2858  0.10000
  0.6183E-15  0.0001 52.8092  0.0002  0.7234  0.7090  0.2858  0.10000
  0.1237E-15  0.0000 52.8099  0.0000  0.7234  0.7090  0.2858  0.10000
  0.2473E-16  0.0000 52.8100  0.0000  0.7234  0.7090  0.2858  0.10000

          ***  Golden section search to maximize estimate ***
     Alpha    Discrp  Oscill  Stabil  Sysdev  Positv  Valcen    Total   
  0.2726E+01  1.3833  6.8386  0.0204  0.4596  1.0000  0.1569  0.31634
  0.6653E-02  0.9494  7.3597  0.0547  0.6894  1.0000  0.1633  0.10000
  0.1864E+01  1.2158  6.8656  0.0180  0.5277  1.0000  0.1573  0.32019
  0.1873E+00  0.9832  6.9498  0.0152  0.6979  1.0000  0.1595  0.10000
  0.1612E+01  1.1711  6.8743  0.0173  0.5787  1.0000  0.1575  0.32093
  0.6704E+00  1.0320  6.9131  0.0144  0.6638  1.0000  0.1585  0.10000
  0.1526E+01  1.1563  6.8774  0.0171  0.5787  1.0000  0.1576  0.32034
  0.1091E+01  1.0877  6.8940  0.0158  0.6979  1.0000  0.1580  0.33408
  0.9058E+00  1.0617  6.9019  0.0152  0.6979  1.0000  0.1582  0.33058
  0.1224E+01  1.1077  6.8887  0.0162  0.6638  1.0000  0.1578  0.32710
  0.1016E+01  1.0770  6.8971  0.0156  0.7149  1.0000  0.1581  0.33886
  0.9725E+00  1.0709  6.8990  0.0154  0.7319  1.0000  0.1581  0.34536
  0.9465E+00  1.0673  6.9001  0.0153  0.6979  1.0000  0.1581  0.33142
  0.9890E+00  1.0731  6.8983  0.0155  0.7319  1.0000  0.1581  0.34568
  0.9993E+00  1.0746  6.8979  0.0155  0.7319  1.0000  0.1581  0.34587
  0.1006E+01  1.0755  6.8976  0.0155  0.7319  1.0000  0.1581  0.34599
  0.1010E+01  1.0761  6.8974  0.0156  0.7319  1.0000  0.1581  0.34607
  0.1012E+01  1.0764  6.8973  0.0156  0.7319  1.0000  0.1581  0.34611
  0.1014E+01  1.0766  6.8972  0.0156  0.7319  1.0000  0.1581  0.34614
  0.1015E+01  1.0768  6.8972  0.0156  0.7149  1.0000  0.1581  0.33883
  0.1013E+01  1.0765  6.8973  0.0156  0.7319  1.0000  0.1581  0.34613
  0.1014E+01  1.0767  6.8972  0.0156  0.7319  1.0000  0.1581  0.34615
  0.1014E+01  1.0767  6.8972  0.0156  0.7149  1.0000  0.1581  0.33883
  0.1014E+01  1.0767  6.8972  0.0156  0.7319  1.0000  0.1581  0.34614
  0.1014E+01  1.0767  6.8972  0.0156  0.7149  1.0000  0.1581  0.33883
  0.1014E+01  1.0767  6.8972  0.0156  0.7319  1.0000  0.1581  0.34615
  0.1014E+01  1.0767  6.8972  0.0156  0.7149  1.0000  0.1581  0.33882
  0.1014E+01  1.0767  6.8972  0.0156  0.7319  1.0000  0.1581  0.34615
  0.1014E+01  1.0767  6.8972  0.0156  0.7319  1.0000  0.1581  0.34615
  0.1014E+01  1.0767  6.8972  0.0156  0.7319  1.0000  0.1581  0.34615



             ####            Final results            ####

 Parameter    DISCRP    OSCILL    STABIL    SYSDEV    POSITV    VALCEN
 Weight        1.000     3.000     3.000     4.000     1.000     1.000
 Sigma         0.500     0.600     0.120     0.200     0.120     0.120
 Ideal         1.000     1.100     0.000     1.000     1.000     0.950
 Current       1.077     6.897     0.016     0.732     1.000     0.158
                - - - - - - - - - - - - - - - - - - - - - - - - - 
 Estimate      0.977     0.000     0.983     0.166     1.000     0.000

  Angular   range    :     from    0.0337   to    1.1481
  Real space range   :     from      0.00   to     52.32

  Highest ALPHA (theor) :   0.230E+05                 JOB = 0
  Current ALPHA         :   0.101E+01   Rg :  0.133E+02   I(0) :   0.538E+02

           Total  estimate : 0.346  which is  A SUSPICIOUS  solution

      S          J EXP       ERROR       J REG       I REG

  0.0000E+00                                      0.5383E+02
  0.4813E-02                                      0.5375E+02
  0.9626E-02                                      0.5352E+02
  0.1444E-01                                      0.5315E+02
  0.1925E-01                                      0.5263E+02
  0.2407E-01                                      0.5199E+02
  0.2888E-01                                      0.5123E+02
  0.3369E-01  0.3818E+02  0.2047E+01  0.5037E+02  0.5037E+02
  0.3843E-01  0.5792E+02  0.1088E+01  0.4945E+02  0.4945E+02
  0.4318E-01  0.5402E+02  0.7460E+00  0.4845E+02  0.4845E+02
  0.4792E-01  0.5053E+02  0.5985E+00  0.4742E+02  0.4742E+02
  0.5266E-01  0.4820E+02  0.5061E+00  0.4635E+02  0.4635E+02
  0.5740E-01  0.4539E+02  0.4400E+00  0.4527E+02  0.4527E+02
  0.6215E-01  0.4369E+02  0.3904E+00  0.4420E+02  0.4420E+02
  0.6689E-01  0.4229E+02  0.3475E+00  0.4315E+02  0.4315E+02
  0.7163E-01  0.4062E+02  0.3164E+00  0.4213E+02  0.4213E+02
  0.7637E-01  0.4016E+02  0.2942E+00  0.4117E+02  0.4117E+02
  0.8112E-01  0.3916E+02  0.2750E+00  0.4026E+02  0.4026E+02
  0.8586E-01  0.3844E+02  0.2575E+00  0.3941E+02  0.3941E+02
  0.9060E-01  0.3817E+02  0.2441E+00  0.3863E+02  0.3863E+02
  0.9534E-01  0.3766E+02  0.2336E+00  0.3793E+02  0.3793E+02
  0.1001E+00  0.3708E+02  0.2238E+00  0.3730E+02  0.3730E+02
  0.1048E+00  0.3698E+02  0.2151E+00  0.3675E+02  0.3675E+02
  0.1096E+00  0.3683E+02  0.2075E+00  0.3627E+02  0.3627E+02
  0.1143E+00  0.3626E+02  0.2005E+00  0.3585E+02  0.3585E+02
  0.1191E+00  0.3588E+02  0.1941E+00  0.3549E+02  0.3549E+02
  0.1238E+00  0.3562E+02  0.1880E+00  0.3519E+02  0.3519E+02
  0.1285E+00  0.3548E+02  0.1832E+00  0.3493E+02  0.3493E+02
  0.1333E+00  0.3499E+02  0.1784E+00  0.3471E+02  0.3471E+02
  0.1380E+00  0.3486E+02  0.1748E+00  0.3452E+02  0.3452E+02
  0.1428E+00  0.3464E+02  0.1704E+00  0.3435E+02  0.3435E+02
  0.1475E+00  0.3408E+02  0.1662E+00  0.3419E+02  0.3419E+02
  0.1522E+00  0.3389E+02  0.1626E+00  0.3404E+02  0.3404E+02
  0.1570E+00  0.3368E+02  0.1595E+00  0.3389E+02  0.3389E+02
  0.1617E+00  0.3353E+02  0.1563E+00  0.3374E+02  0.3374E+02
  0.1665E+00  0.3343E+02  0.1533E+00  0.3359E+02  0.3359E+02
  0.1712E+00  0.3311E+02  0.1502E+00  0.3342E+02  0.3342E+02
  0.1760E+00  0.3277E+02  0.1474E+00  0.3324E+02  0.3324E+02
  0.1807E+00  0.3284E+02  0.1451E+00  0.3305E+02  0.3305E+02
  0.1854E+00  0.3292E+02  0.1432E+00  0.3285E+02  0.3285E+02
  0.1902E+00  0.3263E+02  0.1408E+00  0.3263E+02  0.3263E+02
  0.1949E+00  0.3240E+02  0.1385E+00  0.3241E+02  0.3241E+02
  0.1997E+00  0.3213E+02  0.1361E+00  0.3218E+02  0.3218E+02
  0.2044E+00  0.3202E+02  0.1342E+00  0.3194E+02  0.3194E+02
  0.2092E+00  0.3164E+02  0.1321E+00  0.3170E+02  0.3170E+02
  0.2139E+00  0.3154E+02  0.1303E+00  0.3146E+02  0.3146E+02
  0.2186E+00  0.3127E+02  0.1283E+00  0.3122E+02  0.3122E+02
  0.2234E+00  0.3105E+02  0.1264E+00  0.3099E+02  0.3099E+02
  0.2281E+00  0.3076E+02  0.1246E+00  0.3075E+02  0.3075E+02
  0.2329E+00  0.3064E+02  0.1232E+00  0.3053E+02  0.3053E+02
  0.2376E+00  0.3036E+02  0.1213E+00  0.3031E+02  0.3031E+02
  0.2424E+00  0.3011E+02  0.1195E+00  0.3010E+02  0.3010E+02
  0.2471E+00  0.2994E+02  0.1181E+00  0.2989E+02  0.2989E+02
  0.2518E+00  0.2977E+02  0.1167E+00  0.2969E+02  0.2969E+02
  0.2566E+00  0.2963E+02  0.1153E+00  0.2950E+02  0.2950E+02
  0.2613E+00  0.2937E+02  0.1137E+00  0.2931E+02  0.2931E+02
  0.2661E+00  0.2920E+02  0.1124E+00  0.2912E+02  0.2912E+02
  0.2708E+00  0.2882E+02  0.1108E+00  0.2894E+02  0.2894E+02
  0.2755E+00  0.2867E+02  0.1097E+00  0.2875E+02  0.2875E+02
  0.2803E+00  0.2841E+02  0.1082E+00  0.2857E+02  0.2857E+02
  0.2850E+00  0.2819E+02  0.1070E+00  0.2838E+02  0.2838E+02
  0.2898E+00  0.2828E+02  0.1062E+00  0.2819E+02  0.2819E+02
  0.2945E+00  0.2805E+02  0.1066E+00  0.2799E+02  0.2799E+02
  0.2993E+00  0.2790E+02  0.1074E+00  0.2779E+02  0.2779E+02
  0.3040E+00  0.2762E+02  0.1074E+00  0.2758E+02  0.2758E+02
  0.3087E+00  0.2728E+02  0.1070E+00  0.2737E+02  0.2737E+02
  0.3135E+00  0.2714E+02  0.1066E+00  0.2715E+02  0.2715E+02
  0.3182E+00  0.2677E+02  0.1060E+00  0.2693E+02  0.2693E+02
  0.3230E+00  0.2664E+02  0.1057E+00  0.2671E+02  0.2671E+02
  0.3277E+00  0.2641E+02  0.1051E+00  0.2648E+02  0.2648E+02
  0.3325E+00  0.2630E+02  0.1048E+00  0.2625E+02  0.2625E+02
  0.3372E+00  0.2598E+02  0.1041E+00  0.2602E+02  0.2602E+02
  0.3419E+00  0.2579E+02  0.1036E+00  0.2579E+02  0.2579E+02
  0.3467E+00  0.2553E+02  0.1028E+00  0.2556E+02  0.2556E+02
  0.3514E+00  0.2524E+02  0.1021E+00  0.2533E+02  0.2533E+02
  0.3562E+00  0.2532E+02  0.1021E+00  0.2511E+02  0.2511E+02
  0.3609E+00  0.2522E+02  0.1042E+00  0.2488E+02  0.2488E+02
  0.3657E+00  0.2478E+02  0.1051E+00  0.2466E+02  0.2466E+02
  0.3704E+00  0.2443E+02  0.1057E+00  0.2444E+02  0.2444E+02
  0.3751E+00  0.2435E+02  0.1061E+00  0.2422E+02  0.2422E+02
  0.3799E+00  0.2415E+02  0.1066E+00  0.2401E+02  0.2401E+02
  0.3846E+00  0.2364E+02  0.1063E+00  0.2379E+02  0.2379E+02
  0.3894E+00  0.2356E+02  0.1066E+00  0.2358E+02  0.2358E+02
  0.3941E+00  0.2337E+02  0.1068E+00  0.2336E+02  0.2336E+02
  0.3988E+00  0.2301E+02  0.1067E+00  0.2315E+02  0.2315E+02
  0.4036E+00  0.2292E+02  0.1066E+00  0.2294E+02  0.2294E+02
  0.4083E+00  0.2275E+02  0.1067E+00  0.2272E+02  0.2272E+02
  0.4131E+00  0.2251E+02  0.1066E+00  0.2251E+02  0.2251E+02
  0.4178E+00  0.2235E+02  0.1064E+00  0.2229E+02  0.2229E+02
  0.4226E+00  0.2201E+02  0.1060E+00  0.2208E+02  0.2208E+02
  0.4273E+00  0.2173E+02  0.1058E+00  0.2186E+02  0.2186E+02
  0.4320E+00  0.2155E+02  0.1054E+00  0.2164E+02  0.2164E+02
  0.4368E+00  0.2137E+02  0.1052E+00  0.2142E+02  0.2142E+02
  0.4415E+00  0.2121E+02  0.1053E+00  0.2119E+02  0.2119E+02
  0.4463E+00  0.2108E+02  0.1053E+00  0.2097E+02  0.2097E+02
  0.4510E+00  0.2084E+02  0.1078E+00  0.2075E+02  0.2075E+02
  0.4558E+00  0.2072E+02  0.1105E+00  0.2053E+02  0.2053E+02
  0.4605E+00  0.2037E+02  0.1117E+00  0.2031E+02  0.2031E+02
  0.4652E+00  0.2025E+02  0.1131E+00  0.2009E+02  0.2009E+02
  0.4700E+00  0.1997E+02  0.1137E+00  0.1987E+02  0.1987E+02
  0.4747E+00  0.1961E+02  0.1145E+00  0.1965E+02  0.1965E+02
  0.4795E+00  0.1944E+02  0.1154E+00  0.1944E+02  0.1944E+02
  0.4842E+00  0.1924E+02  0.1161E+00  0.1923E+02  0.1923E+02
  0.4890E+00  0.1887E+02  0.1166E+00  0.1902E+02  0.1902E+02
  0.4937E+00  0.1884E+02  0.1174E+00  0.1881E+02  0.1881E+02
  0.4984E+00  0.1872E+02  0.1181E+00  0.1860E+02  0.1860E+02
  0.5032E+00  0.1844E+02  0.1186E+00  0.1839E+02  0.1839E+02
  0.5079E+00  0.1847E+02  0.1194E+00  0.1819E+02  0.1819E+02
  0.5127E+00  0.1817E+02  0.1187E+00  0.1798E+02  0.1798E+02
  0.5174E+00  0.1799E+02  0.1134E+00  0.1778E+02  0.1778E+02
  0.5221E+00  0.1771E+02  0.1104E+00  0.1757E+02  0.1757E+02
  0.5269E+00  0.1732E+02  0.1079E+00  0.1737E+02  0.1737E+02
  0.5316E+00  0.1705E+02  0.1062E+00  0.1716E+02  0.1716E+02
  0.5364E+00  0.1680E+02  0.1048E+00  0.1695E+02  0.1695E+02
  0.5411E+00  0.1685E+02  0.1040E+00  0.1675E+02  0.1675E+02
  0.5459E+00  0.1667E+02  0.1027E+00  0.1654E+02  0.1654E+02
  0.5506E+00  0.1638E+02  0.1015E+00  0.1633E+02  0.1633E+02
  0.5553E+00  0.1620E+02  0.1006E+00  0.1612E+02  0.1612E+02
  0.5601E+00  0.1605E+02  0.9976E-01  0.1591E+02  0.1591E+02
  0.5648E+00  0.1570E+02  0.9850E-01  0.1570E+02  0.1570E+02
  0.5696E+00  0.1546E+02  0.9750E-01  0.1550E+02  0.1550E+02
  0.5743E+00  0.1521E+02  0.9661E-01  0.1529E+02  0.1529E+02
  0.5791E+00  0.1511E+02  0.9570E-01  0.1509E+02  0.1509E+02
  0.5838E+00  0.1488E+02  0.9449E-01  0.1488E+02  0.1488E+02
  0.5885E+00  0.1475E+02  0.9351E-01  0.1469E+02  0.1469E+02
  0.5933E+00  0.1462E+02  0.9253E-01  0.1449E+02  0.1449E+02
  0.5980E+00  0.1423E+02  0.9126E-01  0.1429E+02  0.1429E+02
  0.6028E+00  0.1416E+02  0.9045E-01  0.1410E+02  0.1410E+02
  0.6075E+00  0.1402E+02  0.8948E-01  0.1392E+02  0.1392E+02
  0.6123E+00  0.1377E+02  0.8851E-01  0.1373E+02  0.1373E+02
  0.6170E+00  0.1362E+02  0.8770E-01  0.1355E+02  0.1355E+02
  0.6217E+00  0.1340E+02  0.8668E-01  0.1337E+02  0.1337E+02
  0.6265E+00  0.1327E+02  0.8592E-01  0.1320E+02  0.1320E+02
  0.6312E+00  0.1314E+02  0.8542E-01  0.1303E+02  0.1303E+02
  0.6360E+00  0.1297E+02  0.8485E-01  0.1286E+02  0.1286E+02
  0.6407E+00  0.1269E+02  0.8407E-01  0.1269E+02  0.1269E+02
  0.6454E+00  0.1254E+02  0.8338E-01  0.1252E+02  0.1252E+02
  0.6502E+00  0.1235E+02  0.8296E-01  0.1235E+02  0.1235E+02
  0.6549E+00  0.1218E+02  0.8250E-01  0.1219E+02  0.1219E+02
  0.6597E+00  0.1208E+02  0.8223E-01  0.1202E+02  0.1202E+02
  0.6644E+00  0.1192E+02  0.8151E-01  0.1186E+02  0.1186E+02
  0.6692E+00  0.1165E+02  0.8079E-01  0.1169E+02  0.1169E+02
  0.6739E+00  0.1158E+02  0.8045E-01  0.1153E+02  0.1153E+02
  0.6786E+00  0.1149E+02  0.7998E-01  0.1136E+02  0.1136E+02
  0.6834E+00  0.1129E+02  0.7937E-01  0.1120E+02  0.1120E+02
  0.6881E+00  0.1097E+02  0.7862E-01  0.1103E+02  0.1103E+02
  0.6929E+00  0.1092E+02  0.7834E-01  0.1087E+02  0.1087E+02
  0.6976E+00  0.1067E+02  0.7763E-01  0.1071E+02  0.1071E+02
  0.7024E+00  0.1055E+02  0.7717E-01  0.1055E+02  0.1055E+02
  0.7071E+00  0.1040E+02  0.7664E-01  0.1040E+02  0.1040E+02
  0.7118E+00  0.1019E+02  0.7606E-01  0.1024E+02  0.1024E+02
  0.7166E+00  0.1018E+02  0.7581E-01  0.1009E+02  0.1009E+02
  0.7213E+00  0.9983E+01  0.7528E-01  0.9937E+01  0.9937E+01
  0.7261E+00  0.9846E+01  0.7475E-01  0.9789E+01  0.9789E+01
  0.7308E+00  0.9641E+01  0.7415E-01  0.9644E+01  0.9644E+01
  0.7356E+00  0.9554E+01  0.7382E-01  0.9502E+01  0.9502E+01
  0.7403E+00  0.9522E+01  0.7353E-01  0.9363E+01  0.9363E+01
  0.7450E+00  0.9268E+01  0.7291E-01  0.9226E+01  0.9226E+01
  0.7498E+00  0.9124E+01  0.7244E-01  0.9092E+01  0.9092E+01
  0.7545E+00  0.8986E+01  0.7206E-01  0.8959E+01  0.8959E+01
  0.7593E+00  0.8857E+01  0.7159E-01  0.8829E+01  0.8829E+01
  0.7640E+00  0.8733E+01  0.7116E-01  0.8701E+01  0.8701E+01
  0.7687E+00  0.8640E+01  0.7088E-01  0.8574E+01  0.8574E+01
  0.7735E+00  0.8364E+01  0.7027E-01  0.8449E+01  0.8449E+01
  0.7782E+00  0.8349E+01  0.6984E-01  0.8325E+01  0.8325E+01
  0.7830E+00  0.8242E+01  0.6955E-01  0.8202E+01  0.8202E+01
  0.7877E+00  0.8097E+01  0.6915E-01  0.8079E+01  0.8079E+01
  0.7925E+00  0.7927E+01  0.6868E-01  0.7957E+01  0.7957E+01
  0.7972E+00  0.7890E+01  0.6829E-01  0.7837E+01  0.7837E+01
  0.8019E+00  0.7694E+01  0.6786E-01  0.7716E+01  0.7716E+01
  0.8067E+00  0.7576E+01  0.6744E-01  0.7597E+01  0.7597E+01
  0.8114E+00  0.7410E+01  0.6689E-01  0.7479E+01  0.7479E+01
  0.8162E+00  0.7356E+01  0.6668E-01  0.7361E+01  0.7361E+01
  0.8209E+00  0.7273E+01  0.6637E-01  0.7245E+01  0.7245E+01
  0.8257E+00  0.7222E+01  0.6604E-01  0.7131E+01  0.7131E+01
  0.8304E+00  0.7063E+01  0.6553E-01  0.7018E+01  0.7018E+01
  0.8351E+00  0.6958E+01  0.6520E-01  0.6907E+01  0.6907E+01
  0.8399E+00  0.6764E+01  0.6461E-01  0.6798E+01  0.6798E+01
  0.8446E+00  0.6694E+01  0.6435E-01  0.6692E+01  0.6692E+01
  0.8494E+00  0.6585E+01  0.6391E-01  0.6587E+01  0.6587E+01
  0.8541E+00  0.6564E+01  0.6370E-01  0.6485E+01  0.6485E+01
  0.8589E+00  0.6439E+01  0.6334E-01  0.6385E+01  0.6385E+01
  0.8636E+00  0.6348E+01  0.6318E-01  0.6287E+01  0.6287E+01
  0.8683E+00  0.6187E+01  0.6266E-01  0.6192E+01  0.6192E+01
  0.8731E+00  0.6063E+01  0.6221E-01  0.6099E+01  0.6099E+01
  0.8778E+00  0.6055E+01  0.6197E-01  0.6008E+01  0.6008E+01
  0.8826E+00  0.5956E+01  0.6163E-01  0.5918E+01  0.5918E+01
  0.8873E+00  0.5805E+01  0.6111E-01  0.5830E+01  0.5830E+01
  0.8920E+00  0.5671E+01  0.6084E-01  0.5744E+01  0.5744E+01
  0.8968E+00  0.5610E+01  0.6065E-01  0.5659E+01  0.5659E+01
  0.9015E+00  0.5510E+01  0.6035E-01  0.5575E+01  0.5575E+01
  0.9063E+00  0.5440E+01  0.6000E-01  0.5492E+01  0.5492E+01
  0.9110E+00  0.5399E+01  0.5974E-01  0.5409E+01  0.5409E+01
  0.9158E+00  0.5365E+01  0.5949E-01  0.5328E+01  0.5328E+01
  0.9205E+00  0.5240E+01  0.5915E-01  0.5247E+01  0.5247E+01
  0.9252E+00  0.5171E+01  0.5889E-01  0.5167E+01  0.5167E+01
  0.9300E+00  0.5114E+01  0.5868E-01  0.5087E+01  0.5087E+01
  0.9347E+00  0.5076E+01  0.5834E-01  0.5008E+01  0.5008E+01
  0.9395E+00  0.4973E+01  0.5801E-01  0.4930E+01  0.4930E+01
  0.9442E+00  0.4880E+01  0.5780E-01  0.4853E+01  0.4853E+01
  0.9490E+00  0.4787E+01  0.5754E-01  0.4776E+01  0.4776E+01
  0.9537E+00  0.4721E+01  0.5728E-01  0.4701E+01  0.4701E+01
  0.9584E+00  0.4690E+01  0.5696E-01  0.4628E+01  0.4628E+01
  0.9632E+00  0.4522E+01  0.5658E-01  0.4555E+01  0.4555E+01
  0.9679E+00  0.4481E+01  0.5640E-01  0.4484E+01  0.4484E+01
  0.9727E+00  0.4442E+01  0.5620E-01  0.4415E+01  0.4415E+01
  0.9774E+00  0.4350E+01  0.5604E-01  0.4347E+01  0.4347E+01
  0.9822E+00  0.4241E+01  0.5560E-01  0.4281E+01  0.4281E+01
  0.9869E+00  0.4211E+01  0.5533E-01  0.4217E+01  0.4217E+01
  0.9916E+00  0.4103E+01  0.5497E-01  0.4154E+01  0.4154E+01
  0.9964E+00  0.4080E+01  0.5477E-01  0.4093E+01  0.4093E+01
  0.1001E+01  0.4039E+01  0.5471E-01  0.4033E+01  0.4033E+01
  0.1006E+01  0.3977E+01  0.5455E-01  0.3974E+01  0.3974E+01
  0.1011E+01  0.3842E+01  0.5402E-01  0.3917E+01  0.3917E+01
  0.1015E+01  0.3865E+01  0.5395E-01  0.3860E+01  0.3860E+01
  0.1020E+01  0.3752E+01  0.5363E-01  0.3805E+01  0.3805E+01
  0.1025E+01  0.3657E+01  0.5327E-01  0.3750E+01  0.3750E+01
  0.1030E+01  0.3702E+01  0.5331E-01  0.3696E+01  0.3696E+01
  0.1034E+01  0.3642E+01  0.5305E-01  0.3643E+01  0.3643E+01
  0.1039E+01  0.3604E+01  0.5292E-01  0.3590E+01  0.3590E+01
  0.1044E+01  0.3654E+01  0.5288E-01  0.3538E+01  0.3538E+01
  0.1049E+01  0.3519E+01  0.5251E-01  0.3487E+01  0.3487E+01
  0.1053E+01  0.3408E+01  0.5220E-01  0.3436E+01  0.3436E+01
  0.1058E+01  0.3386E+01  0.5206E-01  0.3385E+01  0.3385E+01
  0.1063E+01  0.3334E+01  0.5184E-01  0.3335E+01  0.3335E+01
  0.1068E+01  0.3280E+01  0.5164E-01  0.3286E+01  0.3286E+01
  0.1072E+01  0.3259E+01  0.5143E-01  0.3238E+01  0.3238E+01
  0.1077E+01  0.3174E+01  0.5120E-01  0.3191E+01  0.3191E+01
  0.1082E+01  0.3063E+01  0.5100E-01  0.3146E+01  0.3146E+01
  0.1086E+01  0.3044E+01  0.5085E-01  0.3101E+01  0.3101E+01
  0.1091E+01  0.3020E+01  0.5068E-01  0.3058E+01  0.3058E+01
  0.1096E+01  0.2937E+01  0.5038E-01  0.3016E+01  0.3016E+01
  0.1101E+01  0.2934E+01  0.5021E-01  0.2976E+01  0.2976E+01
  0.1105E+01  0.2920E+01  0.5006E-01  0.2938E+01  0.2938E+01
  0.1110E+01  0.2913E+01  0.4992E-01  0.2901E+01  0.2901E+01
  0.1115E+01  0.2808E+01  0.4967E-01  0.2866E+01  0.2866E+01
  0.1120E+01  0.2810E+01  0.4960E-01  0.2833E+01  0.2833E+01
  0.1124E+01  0.2834E+01  0.4955E-01  0.2801E+01  0.2801E+01
  0.1129E+01  0.2678E+01  0.4918E-01  0.2770E+01  0.2770E+01
  0.1134E+01  0.2567E+01  0.4884E-01  0.2741E+01  0.2741E+01
  0.1139E+01  0.2584E+01  0.4880E-01  0.2714E+01  0.2714E+01
  0.1143E+01  0.2571E+01  0.4865E-01  0.2687E+01  0.2687E+01
  0.1148E+01  0.2544E+01  0.4856E-01  0.2662E+01  0.2662E+01

           Distance distribution  function of particle  


       R          P(R)      ERROR

  0.0000E+00  0.0000E+00  0.0000E+00
  0.5232E+00  0.1485E+00  0.4186E-03
  0.1046E+01  0.2907E+00  0.4605E-03
  0.1570E+01  0.4192E+00  0.2912E-03
  0.2093E+01  0.5238E+00  0.3266E-03
  0.2616E+01  0.5946E+00  0.5758E-03
  0.3139E+01  0.6245E+00  0.7200E-03
  0.3662E+01  0.6115E+00  0.6950E-03
  0.4186E+01  0.5596E+00  0.5683E-03
  0.4709E+01  0.4782E+00  0.5199E-03
  0.5232E+01  0.3803E+00  0.6370E-03
  0.5755E+01  0.2800E+00  0.7691E-03
  0.6278E+01  0.1900E+00  0.8182E-03
  0.6802E+01  0.1190E+00  0.8052E-03
  0.7325E+01  0.7082E-01  0.8106E-03
  0.7848E+01  0.4434E-01  0.8691E-03
  0.8371E+01  0.3478E-01  0.9294E-03
  0.8894E+01  0.3538E-01  0.9479E-03
  0.9418E+01  0.3945E-01  0.9577E-03
  0.9941E+01  0.4195E-01  0.1034E-02
  0.1046E+02  0.4041E-01  0.1183E-02
  0.1099E+02  0.3494E-01  0.1329E-02
  0.1151E+02  0.2755E-01  0.1403E-02
  0.1203E+02  0.2100E-01  0.1406E-02
  0.1256E+02  0.1767E-01  0.1397E-02
  0.1308E+02  0.1869E-01  0.1432E-02
  0.1360E+02  0.2364E-01  0.1499E-02
  0.1413E+02  0.3082E-01  0.1551E-02
  0.1465E+02  0.3787E-01  0.1576E-02
  0.1517E+02  0.4267E-01  0.1618E-02
  0.1570E+02  0.4395E-01  0.1721E-02
  0.1622E+02  0.4167E-01  0.1854E-02
  0.1674E+02  0.3696E-01  0.1931E-02
  0.1727E+02  0.3160E-01  0.1893E-02
  0.1779E+02  0.2748E-01  0.1758E-02
  0.1831E+02  0.2588E-01  0.1624E-02
  0.1884E+02  0.2716E-01  0.1599E-02
  0.1936E+02  0.3068E-01  0.1690E-02
  0.1988E+02  0.3511E-01  0.1800E-02
  0.2040E+02  0.3888E-01  0.1861E-02
  0.2093E+02  0.4076E-01  0.1883E-02
  0.2145E+02  0.4023E-01  0.1927E-02
  0.2197E+02  0.3763E-01  0.2025E-02
  0.2250E+02  0.3398E-01  0.2146E-02
  0.2302E+02  0.3064E-01  0.2233E-02
  0.2354E+02  0.2880E-01  0.2256E-02
  0.2407E+02  0.2915E-01  0.2227E-02
  0.2459E+02  0.3164E-01  0.2182E-02
  0.2511E+02  0.3553E-01  0.2157E-02
  0.2564E+02  0.3968E-01  0.2173E-02
  0.2616E+02  0.4293E-01  0.2236E-02
  0.2668E+02  0.4446E-01  0.2334E-02
  0.2721E+02  0.4402E-01  0.2433E-02
  0.2773E+02  0.4200E-01  0.2492E-02
  0.2825E+02  0.3920E-01  0.2489E-02
  0.2878E+02  0.3658E-01  0.2447E-02
  0.2930E+02  0.3491E-01  0.2427E-02
  0.2982E+02  0.3454E-01  0.2478E-02
  0.3035E+02  0.3532E-01  0.2582E-02
  0.3087E+02  0.3669E-01  0.2668E-02
  0.3139E+02  0.3790E-01  0.2677E-02
  0.3192E+02  0.3832E-01  0.2617E-02
  0.3244E+02  0.3765E-01  0.2565E-02
  0.3296E+02  0.3601E-01  0.2605E-02
  0.3348E+02  0.3390E-01  0.2748E-02
  0.3401E+02  0.3202E-01  0.2916E-02
  0.3453E+02  0.3101E-01  0.3018E-02
  0.3505E+02  0.3125E-01  0.3015E-02
  0.3558E+02  0.3271E-01  0.2935E-02
  0.3610E+02  0.3499E-01  0.2854E-02
  0.3662E+02  0.3746E-01  0.2847E-02
  0.3715E+02  0.3947E-01  0.2927E-02
  0.3767E+02  0.4055E-01  0.3048E-02
  0.3819E+02  0.4059E-01  0.3148E-02
  0.3872E+02  0.3980E-01  0.3195E-02
  0.3924E+02  0.3864E-01  0.3195E-02
  0.3976E+02  0.3765E-01  0.3174E-02
  0.4029E+02  0.3720E-01  0.3149E-02
  0.4081E+02  0.3739E-01  0.3112E-02
  0.4133E+02  0.3799E-01  0.3049E-02
  0.4186E+02  0.3855E-01  0.2962E-02
  0.4238E+02  0.3853E-01  0.2888E-02
  0.4290E+02  0.3755E-01  0.2877E-02
  0.4343E+02  0.3550E-01  0.2942E-02
  0.4395E+02  0.3264E-01  0.3042E-02
  0.4447E+02  0.2952E-01  0.3115E-02
  0.4500E+02  0.2683E-01  0.3126E-02
  0.4552E+02  0.2519E-01  0.3089E-02
  0.4604E+02  0.2497E-01  0.3050E-02
  0.4656E+02  0.2615E-01  0.3048E-02
  0.4709E+02  0.2836E-01  0.3095E-02
  0.4761E+02  0.3096E-01  0.3182E-02
  0.4813E+02  0.3323E-01  0.3309E-02
  0.4866E+02  0.3452E-01  0.3478E-02
  0.4918E+02  0.3443E-01  0.3666E-02
  0.4970E+02  0.3282E-01  0.3805E-02
  0.5023E+02  0.2970E-01  0.3791E-02
  0.5075E+02  0.2513E-01  0.3513E-02
  0.5127E+02  0.1899E-01  0.2861E-02
  0.5180E+02  0.1087E-01  0.1729E-02
  0.5232E+02  0.0000E+00  0.0000E+00
          Reciprocal space: Rg =   13.26     , I(0) =   0.5381E+02
     Real space: Rg =   13.59 +- 0.196  I(0) =   0.5383E+02 +-  0.4192E+00
